2018-10-01 11:35:24,647 [1] INFO  MortfolioTimesheetReportService.P Starting Mortfolio Missing Report Service...
2018-10-01 11:35:24,712 [1] INFO  MortfolioTimesheetReportService.P Getting SQL Data from Mortfolio Database...
2018-10-01 11:35:24,775 [1] INFO  MortfolioTimesheetReportService.Db Main Directory => D:\OPTiiM\PPM Services\MortfolioTimesheetReportService\MortfolioTimesheetReportService\bin\Debug\
2018-10-01 11:36:57,481 [1] INFO  MortfolioTimesheetReportService.P Starting Mortfolio Missing Report Service...
2018-10-01 11:36:57,520 [1] INFO  MortfolioTimesheetReportService.P Getting SQL Data from Mortfolio Database...
2018-10-01 11:36:57,590 [1] INFO  MortfolioTimesheetReportService.Db Main Directory => D:\OPTiiM\PPM Services\MortfolioTimesheetReportService\MortfolioTimesheetReportService\bin\Debug\
2018-10-01 11:40:52,434 [1] INFO  MortfolioTimesheetReportService.P Starting Mortfolio Missing Report Service...
2018-10-01 11:40:52,551 [1] INFO  MortfolioTimesheetReportService.P Getting SQL Data from Mortfolio Database...
2018-10-01 11:40:52,926 [1] INFO  MortfolioTimesheetReportService.Db Main Directory => D:\OPTiiM\PPM Services\MortfolioTimesheetReportService\MortfolioTimesheetReportService\bin\Debug\
2018-10-01 11:42:17,117 [1] INFO  MortfolioTimesheetReportService.P Starting Mortfolio Missing Report Service...
2018-10-01 11:42:17,197 [1] INFO  MortfolioTimesheetReportService.P Getting SQL Data from Mortfolio Database...
2018-10-01 11:42:17,278 [1] INFO  MortfolioTimesheetReportService.Db Main Directory => D:\OPTiiM\PPM Services\MortfolioTimesheetReportService\MortfolioTimesheetReportService\bin\Debug\
2018-10-01 11:43:19,845 [1] INFO  MortfolioTimesheetReportService.P Starting Mortfolio Missing Report Service...
2018-10-01 11:43:20,020 [1] INFO  MortfolioTimesheetReportService.P Getting SQL Data from Mortfolio Database...
2018-10-01 11:43:20,761 [1] INFO  MortfolioTimesheetReportService.Db Main Directory => D:\OPTiiM\PPM Services\MortfolioTimesheetReportService\MortfolioTimesheetReportService\bin\Debug\
2018-10-01 11:44:24,017 [1] INFO  MortfolioTimesheetReportService.P Starting Mortfolio Missing Report Service...
2018-10-01 11:44:24,078 [1] INFO  MortfolioTimesheetReportService.P Getting SQL Data from Mortfolio Database...
2018-10-01 11:44:24,276 [1] INFO  MortfolioTimesheetReportService.Db Main Directory => D:\OPTiiM\PPM Services\MortfolioTimesheetReportService\MortfolioTimesheetReportService\bin\Debug\
2018-10-01 11:49:04,551 [1] INFO  MortfolioTimesheetReportService.P Starting Mortfolio Missing Report Service...
2018-10-01 11:49:04,597 [1] INFO  MortfolioTimesheetReportService.P Getting SQL Data from Mortfolio Database...
2018-10-01 11:49:04,922 [1] INFO  MortfolioTimesheetReportService.Db Main Directory => D:\OPTiiM\PPM Services\MortfolioTimesheetReportService\MortfolioTimesheetReportService\bin\Debug\
2018-10-01 11:50:37,845 [1] INFO  MortfolioTimesheetReportService.P Starting Mortfolio Missing Report Service...
2018-10-01 11:50:37,977 [1] INFO  MortfolioTimesheetReportService.P Getting SQL Data from Mortfolio Database...
2018-10-01 11:50:38,403 [1] INFO  MortfolioTimesheetReportService.Db Main Directory => D:\OPTiiM\PPM Services\MortfolioTimesheetReportService\MortfolioTimesheetReportService\bin\Debug\
2018-10-01 11:53:16,680 [1] INFO  MortfolioTimesheetReportService.P Starting Mortfolio Missing Report Service...
2018-10-01 11:53:16,818 [1] INFO  MortfolioTimesheetReportService.P Getting SQL Data from Mortfolio Database...
2018-10-01 11:53:17,021 [1] INFO  MortfolioTimesheetReportService.Db Main Directory => D:\OPTiiM\PPM Services\MortfolioTimesheetReportService\MortfolioTimesheetReportService\bin\Debug\
2018-10-01 11:53:42,259 [1] INFO  MortfolioTimesheetReportService.P Starting Mortfolio Missing Report Service...
2018-10-01 11:53:42,315 [1] INFO  MortfolioTimesheetReportService.P Getting SQL Data from Mortfolio Database...
2018-10-01 11:53:42,388 [1] INFO  MortfolioTimesheetReportService.Db Main Directory => D:\OPTiiM\PPM Services\MortfolioTimesheetReportService\MortfolioTimesheetReportService\bin\Debug\
2018-11-27 16:20:24,730 [1] INFO  MortfolioTimesheetReportService.P Starting Mortfolio Missing Report Service...
2018-11-27 16:20:24,784 [1] INFO  MortfolioTimesheetReportService.P Getting SQL Data from Mortfolio Database...
2018-11-27 16:20:24,844 [1] INFO  MortfolioTimesheetReportService.Db Main Directory => D:\OPTiiM\PPM Services\MortfolioTimesheetReportService\MortfolioTimesheetReportService\bin\Debug\
2018-11-27 16:20:53,141 [1] INFO  MortfolioTimesheetReportService.P Starting Mortfolio Missing Report Service...
2018-11-27 16:20:53,181 [1] INFO  MortfolioTimesheetReportService.P Getting SQL Data from Mortfolio Database...
2018-11-27 16:20:53,238 [1] INFO  MortfolioTimesheetReportService.Db Main Directory => D:\OPTiiM\PPM Services\MortfolioTimesheetReportService\MortfolioTimesheetReportService\bin\Debug\
2018-11-27 16:22:02,153 [1] INFO  MortfolioTimesheetReportService.P Getting SQL Data from Mortfolio Database has completed succesfullly.
2018-11-27 16:22:02,187 [1] INFO  MortfolioTimesheetReportService.P Sending HTML Data to E-Mail System...
2018-11-27 16:22:02,233 [1] INFO  MortfolioTimesheetReportService.Environment Sending E-Mail process is starting...
2018-11-27 16:22:02,602 [1] INFO  MortfolioTimesheetReportService.Environment Sending E-Mail process has completed succesfullly.
2018-11-27 16:22:02,610 [1] INFO  MortfolioTimesheetReportService.P Mortfolio Missing Report Service has completed succesfullly.
2018-11-27 16:24:19,769 [1] INFO  MortfolioTimesheetReportService.P Starting Mortfolio Missing Report Service...
2018-11-27 16:24:19,800 [1] INFO  MortfolioTimesheetReportService.P Getting SQL Data from Mortfolio Database...
2018-11-27 16:24:19,839 [1] INFO  MortfolioTimesheetReportService.Db Main Directory => D:\OPTiiM\PPM Services\MortfolioTimesheetReportService\MortfolioTimesheetReportService\bin\Debug\
